<?xml version="1.0" encoding="UTF-8"?>
<!-- Generated by org.testng.reporters.JUnitXMLReporter -->
<testsuite hostname="Farrahs-MacBook-Air.local" ignored="0" name="Default test" tests="3" failures="0" timestamp="09 Jun 2019 18:28:20 GMT" time="17.817" errors="0">
  <testcase name="doLogin" time="2.624" classname="com.syntax.testcases.LoginPageTest"/>
  <testcase name="loginToOrangeHRM" time="1.876" classname="com.syntax.testcases.LoginPageTest"/>
  <testcase name="negativeLogin" time="2.097" classname="com.syntax.testcases.LoginPageTest"/>
</testsuite> <!-- Default test -->
