<?xml version="1.0" encoding="UTF-8"?>
<!-- Generated by org.testng.reporters.JUnitXMLReporter -->
<testsuite hostname="Farrahs-MacBook-Air.local" ignored="3" name="Smoke Test" tests="1" failures="0" timestamp="15 Jun 2019 18:50:52 GMT" time="7.23" errors="0">
  <testcase name="loginToOrangeHRM" time="2.396" classname="com.syntax.testcases.LoginPageTest"/>
  <testcase name="doLogin" time="0.0" classname="com.syntax.testcases.LoginPageTest">
    <ignored/>
  </testcase> <!-- doLogin -->
  <testcase name="negativeLogin" time="0.0" classname="com.syntax.testcases.LoginPageTest">
    <ignored/>
  </testcase> <!-- negativeLogin -->
  <testcase name="addEmployee" time="0.0" classname="com.syntax.testcases.AddEmployeePageTest">
    <ignored/>
  </testcase> <!-- addEmployee -->
</testsuite> <!-- Smoke Test -->
