<?xml version="1.0" encoding="UTF-8"?>
<testng-results skipped="0" failed="0" ignored="0" total="3" passed="3">
  <reporter-output>
  </reporter-output>
  <suite name="Default suite" duration-ms="17817" started-at="2019-06-09T18:28:02Z" finished-at="2019-06-09T18:28:19Z">
    <groups>
    </groups>
    <test name="Default test" duration-ms="17817" started-at="2019-06-09T18:28:02Z" finished-at="2019-06-09T18:28:19Z">
      <class name="com.syntax.testcases.LoginPageTest">
        <test-method status="PASS" signature="setUp()[pri:0, instance:com.syntax.testcases.LoginPageTest@475530b9]" name="setUp" is-config="true" duration-ms="4261" started-at="2019-06-09T18:28:02Z" finished-at="2019-06-09T18:28:06Z">
          <reporter-output>
          </reporter-output>
        </test-method> <!-- setUp -->
        <test-method status="PASS" signature="doLogin()[pri:0, instance:com.syntax.testcases.LoginPageTest@475530b9]" name="doLogin" duration-ms="2624" started-at="2019-06-09T18:28:06Z" finished-at="2019-06-09T18:28:08Z">
          <reporter-output>
          </reporter-output>
        </test-method> <!-- doLogin -->
        <test-method status="PASS" signature="tearDown()[pri:0, instance:com.syntax.testcases.LoginPageTest@475530b9]" name="tearDown" is-config="true" duration-ms="233" started-at="2019-06-09T18:28:08Z" finished-at="2019-06-09T18:28:09Z">
          <reporter-output>
          </reporter-output>
        </test-method> <!-- tearDown -->
        <test-method status="PASS" signature="setUp()[pri:0, instance:com.syntax.testcases.LoginPageTest@475530b9]" name="setUp" is-config="true" duration-ms="3192" started-at="2019-06-09T18:28:09Z" finished-at="2019-06-09T18:28:12Z">
          <reporter-output>
          </reporter-output>
        </test-method> <!-- setUp -->
        <test-method status="PASS" signature="loginToOrangeHRM()[pri:0, instance:com.syntax.testcases.LoginPageTest@475530b9]" name="loginToOrangeHRM" duration-ms="1876" started-at="2019-06-09T18:28:12Z" finished-at="2019-06-09T18:28:14Z">
          <reporter-output>
          </reporter-output>
        </test-method> <!-- loginToOrangeHRM -->
        <test-method status="PASS" signature="tearDown()[pri:0, instance:com.syntax.testcases.LoginPageTest@475530b9]" name="tearDown" is-config="true" duration-ms="184" started-at="2019-06-09T18:28:14Z" finished-at="2019-06-09T18:28:14Z">
          <reporter-output>
          </reporter-output>
        </test-method> <!-- tearDown -->
        <test-method status="PASS" signature="setUp()[pri:0, instance:com.syntax.testcases.LoginPageTest@475530b9]" name="setUp" is-config="true" duration-ms="3145" started-at="2019-06-09T18:28:14Z" finished-at="2019-06-09T18:28:17Z">
          <reporter-output>
          </reporter-output>
        </test-method> <!-- setUp -->
        <test-method status="PASS" signature="negativeLogin()[pri:0, instance:com.syntax.testcases.LoginPageTest@475530b9]" name="negativeLogin" duration-ms="2097" started-at="2019-06-09T18:28:17Z" finished-at="2019-06-09T18:28:19Z">
          <reporter-output>
          </reporter-output>
        </test-method> <!-- negativeLogin -->
        <test-method status="PASS" signature="tearDown()[pri:0, instance:com.syntax.testcases.LoginPageTest@475530b9]" name="tearDown" is-config="true" duration-ms="173" started-at="2019-06-09T18:28:19Z" finished-at="2019-06-09T18:28:19Z">
          <reporter-output>
          </reporter-output>
        </test-method> <!-- tearDown -->
      </class> <!-- com.syntax.testcases.LoginPageTest -->
    </test> <!-- Default test -->
  </suite> <!-- Default suite -->
</testng-results>
